0 info it worked if it ends with ok
1 verbose cli [ '/home/viki/.nvm/versions/node/v6.0.0/bin/node',
1 verbose cli   '/home/viki/.nvm/versions/node/v6.0.0/bin/npm',
1 verbose cli   'install',
1 verbose cli   'git@github.com:CodeFalling/hexo-asset-image.gi--save' ]
2 info using npm@3.8.6
3 info using node@v6.0.0
4 silly loadCurrentTree Starting
5 silly install loadCurrentTree
6 silly install readLocalPackageData
7 silly fetchPackageMetaData git@github.com:CodeFalling/hexo-asset-image.gi--save
8 silly fetchPackageMetaData Error: Unsupported URL Type: github.com:CodeFalling/hexo-asset-image.gi--save
8 silly fetchPackageMetaData     at parseUrl (/home/viki/.nvm/versions/node/v6.0.0/lib/node_modules/npm/node_modules/npm-package-arg/npa.js:169:13)
8 silly fetchPackageMetaData     at npa (/home/viki/.nvm/versions/node/v6.0.0/lib/node_modules/npm/node_modules/npm-package-arg/npa.js:75:12)
8 silly fetchPackageMetaData     at module.exports (/home/viki/.nvm/versions/node/v6.0.0/lib/node_modules/npm/node_modules/realize-package-specifier/index.js:12:15)
8 silly fetchPackageMetaData     at fetchPackageMetadata (/home/viki/.nvm/versions/node/v6.0.0/lib/node_modules/npm/lib/fetch-package-metadata.js:54:12)
8 silly fetchPackageMetaData     at /home/viki/.nvm/versions/node/v6.0.0/lib/node_modules/npm/lib/install/deps.js:181:5
8 silly fetchPackageMetaData     at /home/viki/.nvm/versions/node/v6.0.0/lib/node_modules/npm/node_modules/slide/lib/async-map.js:52:35
8 silly fetchPackageMetaData     at Array.forEach (native)
8 silly fetchPackageMetaData     at /home/viki/.nvm/versions/node/v6.0.0/lib/node_modules/npm/node_modules/slide/lib/async-map.js:52:11
8 silly fetchPackageMetaData     at Array.forEach (native)
8 silly fetchPackageMetaData     at asyncMap (/home/viki/.nvm/versions/node/v6.0.0/lib/node_modules/npm/node_modules/slide/lib/async-map.js:51:8)
8 silly fetchPackageMetaData  error for git@github.com:CodeFalling/hexo-asset-image.gi--save Error: Unsupported URL Type: github.com:CodeFalling/hexo-asset-image.gi--save
8 silly fetchPackageMetaData     at parseUrl (/home/viki/.nvm/versions/node/v6.0.0/lib/node_modules/npm/node_modules/npm-package-arg/npa.js:169:13)
8 silly fetchPackageMetaData     at npa (/home/viki/.nvm/versions/node/v6.0.0/lib/node_modules/npm/node_modules/npm-package-arg/npa.js:75:12)
8 silly fetchPackageMetaData     at module.exports (/home/viki/.nvm/versions/node/v6.0.0/lib/node_modules/npm/node_modules/realize-package-specifier/index.js:12:15)
8 silly fetchPackageMetaData     at fetchPackageMetadata (/home/viki/.nvm/versions/node/v6.0.0/lib/node_modules/npm/lib/fetch-package-metadata.js:54:12)
8 silly fetchPackageMetaData     at /home/viki/.nvm/versions/node/v6.0.0/lib/node_modules/npm/lib/install/deps.js:181:5
8 silly fetchPackageMetaData     at /home/viki/.nvm/versions/node/v6.0.0/lib/node_modules/npm/node_modules/slide/lib/async-map.js:52:35
8 silly fetchPackageMetaData     at Array.forEach (native)
8 silly fetchPackageMetaData     at /home/viki/.nvm/versions/node/v6.0.0/lib/node_modules/npm/node_modules/slide/lib/async-map.js:52:11
8 silly fetchPackageMetaData     at Array.forEach (native)
8 silly fetchPackageMetaData     at asyncMap (/home/viki/.nvm/versions/node/v6.0.0/lib/node_modules/npm/node_modules/slide/lib/async-map.js:51:8)
9 silly rollbackFailedOptional Starting
10 silly rollbackFailedOptional Finishing
11 silly runTopLevelLifecycles Starting
12 silly runTopLevelLifecycles Finishing
13 silly install printInstalled
14 verbose stack Error: Unsupported URL Type: github.com:CodeFalling/hexo-asset-image.gi--save
14 verbose stack     at parseUrl (/home/viki/.nvm/versions/node/v6.0.0/lib/node_modules/npm/node_modules/npm-package-arg/npa.js:169:13)
14 verbose stack     at npa (/home/viki/.nvm/versions/node/v6.0.0/lib/node_modules/npm/node_modules/npm-package-arg/npa.js:75:12)
14 verbose stack     at module.exports (/home/viki/.nvm/versions/node/v6.0.0/lib/node_modules/npm/node_modules/realize-package-specifier/index.js:12:15)
14 verbose stack     at fetchPackageMetadata (/home/viki/.nvm/versions/node/v6.0.0/lib/node_modules/npm/lib/fetch-package-metadata.js:54:12)
14 verbose stack     at /home/viki/.nvm/versions/node/v6.0.0/lib/node_modules/npm/lib/install/deps.js:181:5
14 verbose stack     at /home/viki/.nvm/versions/node/v6.0.0/lib/node_modules/npm/node_modules/slide/lib/async-map.js:52:35
14 verbose stack     at Array.forEach (native)
14 verbose stack     at /home/viki/.nvm/versions/node/v6.0.0/lib/node_modules/npm/node_modules/slide/lib/async-map.js:52:11
14 verbose stack     at Array.forEach (native)
14 verbose stack     at asyncMap (/home/viki/.nvm/versions/node/v6.0.0/lib/node_modules/npm/node_modules/slide/lib/async-map.js:51:8)
15 verbose cwd /home/viki/project/teaching_ml
16 error Linux 4.4.0-87-generic
17 error argv "/home/viki/.nvm/versions/node/v6.0.0/bin/node" "/home/viki/.nvm/versions/node/v6.0.0/bin/npm" "install" "git@github.com:CodeFalling/hexo-asset-image.gi--save"
18 error node v6.0.0
19 error npm  v3.8.6
20 error Unsupported URL Type: github.com:CodeFalling/hexo-asset-image.gi--save
21 error If you need help, you may report this error at:
21 error     <https://github.com/npm/npm/issues>
22 verbose exit [ 1, true ]
